error: No user role data found in the database {"timestamp":"2021-09-16T11:41:32.537Z"}
error: ERROR_WHILE_MAIL_SENDING {"timestamp":"2021-09-16T11:46:38.920Z"}
error: ERROR_WHILE_MAIL_SENDING {"timestamp":"2021-09-16T11:50:42.383Z"}
error: ERROR_WHILE_MAIL_SENDING {"timestamp":"2021-09-16T12:28:24.882Z"}
error: E11000 duplicate key error collection: getoutside.users index: basic.email_1 dup key: { : "dhirendra.pathak@gmail.com" } {"code":11000,"index":0,"errmsg":"E11000 duplicate key error collection: getoutside.users index: basic.email_1 dup key: { : \"dhirendra.pathak@gmail.com\" }","op":{"updatedAt":"2021-09-16T12:32:45.640Z","createdAt":"2021-09-16T12:32:45.640Z","_id":"6143396d40391d1e98b2e185","programName":"","sessionStatus":"","positionImages":[],"userStatus":"Not Verified","isActive":true,"basic":{"firstName":"dhirendra","lastName":"pathak","email":"dhirendra.pathak@gmail.com","password":"$2a$10$hFSHZKfpB0kRv2sBeQcKIuNkp72z8bZkVuPmfLP1HB5fIfkUJFhm6","mobileNumber":"","roles":[{"role":"61432dc627545331eef2d7b6","name":"superAdmin","_id":"6143396d40391d1e98b2e186"}],"profileImageURL":"/public/images/profiles/default.png","isActive":false},"__v":0}}
error: E11000 duplicate key error collection: getoutside.users index: basic.email_1 dup key: { : "dhirendra.pathak@gmail.com" } {"code":11000,"index":0,"errmsg":"E11000 duplicate key error collection: getoutside.users index: basic.email_1 dup key: { : \"dhirendra.pathak@gmail.com\" }","op":{"updatedAt":"2021-09-16T12:39:46.560Z","createdAt":"2021-09-16T12:39:46.560Z","_id":"61433b122f33e02068c5d953","programName":"","sessionStatus":"","positionImages":[],"userStatus":"Not Verified","isActive":true,"basic":{"firstName":"dhirendra","lastName":"pathak","email":"dhirendra.pathak@gmail.com","password":"$2a$10$.ZJml2hanJArlGGP4HXIAe1drYkF4n85lQOHMJYllm15xsy7/x6Py","mobileNumber":"","roles":[{"role":"61432dc627545331eef2d7b6","name":"superAdmin","_id":"61433b122f33e02068c5d954"}],"profileImageURL":"/public/images/profiles/default.png","isActive":false},"__v":0}}
error: E11000 duplicate key error collection: getoutside.users index: basic.email_1 dup key: { : "dhirendrapathak09@gmail.com" } {"code":11000,"index":0,"errmsg":"E11000 duplicate key error collection: getoutside.users index: basic.email_1 dup key: { : \"dhirendrapathak09@gmail.com\" }","op":{"updatedAt":"2021-09-16T12:44:51.927Z","createdAt":"2021-09-16T12:44:51.927Z","_id":"61433c43ff940b236861b20c","programName":"","sessionStatus":"","positionImages":[],"userStatus":"Not Verified","isActive":true,"basic":{"firstName":"virendra","lastName":"pathak","email":"dhirendrapathak09@gmail.com","password":"$2a$10$WVtZF/lKnWIoW8HMhydmk.pjHP42UpCCoznQJhqMjeIwiQoHzkc9y","mobileNumber":"","roles":[{"role":"61432dc627545331eef2d7b6","name":"superAdmin","_id":"61433c43ff940b236861b20d"}],"profileImageURL":"/public/images/profiles/default.png","isActive":false},"__v":0}}
error: ERROR_WHILE_MAIL_SENDING {"timestamp":"2021-09-16T12:45:20.960Z"}
error: ERROR_WHILE_MAIL_SENDING {"timestamp":"2021-09-16T12:46:34.477Z"}
error: No token is provided {"timestamp":"2021-09-16T12:50:45.698Z"}
error: The 'cursor' option is required, except for aggregate with the explain argument {"name":"MongoError","ok":0,"errmsg":"The 'cursor' option is required, except for aggregate with the explain argument","code":9,"codeName":"FailedToParse","timestamp":"2021-09-16T12:53:21.045Z"}
error: The 'cursor' option is required, except for aggregate with the explain argument {"name":"MongoError","ok":0,"errmsg":"The 'cursor' option is required, except for aggregate with the explain argument","code":9,"codeName":"FailedToParse","timestamp":"2021-09-16T12:54:29.699Z"}
error: No token is provided {"timestamp":"2021-09-16T12:54:39.905Z"}
error: The 'cursor' option is required, except for aggregate with the explain argument {"name":"MongoError","ok":0,"errmsg":"The 'cursor' option is required, except for aggregate with the explain argument","code":9,"codeName":"FailedToParse","timestamp":"2021-09-16T12:54:51.231Z"}
error: ERROR_WHILE_MAIL_SENDING {"timestamp":"2021-09-16T13:33:13.251Z"}
error: ERROR_WHILE_MAIL_SENDING {"timestamp":"2021-09-17T06:13:12.956Z"}
error: ERROR_WHILE_MAIL_SENDING {"timestamp":"2021-09-17T06:19:41.903Z"}
error: E11000 duplicate key error collection: getoutside.users index: basic.email_1 dup key: { : "dhirendrapathak09@gmail.com" } {"code":11000,"index":0,"errmsg":"E11000 duplicate key error collection: getoutside.users index: basic.email_1 dup key: { : \"dhirendrapathak09@gmail.com\" }","op":{"updatedAt":"2021-09-17T06:40:44.374Z","createdAt":"2021-09-17T06:40:44.374Z","_id":"6144386ce419851148470662","programName":"","sessionStatus":"","positionImages":[],"userStatus":"Not Verified","isActive":true,"basic":{"firstName":"dhirendra","lastName":"pathak","email":"dhirendrapathak09@gmail.com","password":"$2a$10$lzQO/Ufk6bloCj8PHzP4s.Su.vxNbjBjHdDF.gzuV/CC8U28/7oXO","mobileNumber":"","roles":[{"role":"61432dc627545331eef2d7b6","name":"superAdmin","_id":"6144386ce419851148470663"}],"profileImageURL":"/public/images/profiles/default.png","isActive":false},"__v":0}}
error: ERROR_WHILE_MAIL_SENDING {"timestamp":"2021-09-17T06:54:20.084Z"}
error: ERROR_WHILE_MAIL_SENDING {"timestamp":"2021-09-17T06:56:39.060Z"}
error: ERROR_WHILE_MAIL_SENDING {"timestamp":"2021-09-17T06:57:22.884Z"}
error: ERROR_WHILE_MAIL_SENDING {"timestamp":"2021-09-17T06:58:05.311Z"}
error: ERROR_WHILE_MAIL_SENDING {"timestamp":"2021-09-17T06:59:04.632Z"}
error: ERROR_WHILE_MAIL_SENDING {"timestamp":"2021-09-17T07:01:29.177Z"}
error: ERROR_WHILE_MAIL_SENDING {"timestamp":"2021-09-17T07:02:20.024Z"}
error: ERROR_WHILE_MAIL_SENDING {"timestamp":"2021-09-17T07:09:19.235Z"}
error: ERROR_WHILE_MAIL_SENDING {"timestamp":"2021-09-17T07:11:27.320Z"}
error: E11000 duplicate key error collection: getoutside.users index: basic.email_1 dup key: { : "dhirendrapathak09@gmail.com" } {"code":11000,"index":0,"errmsg":"E11000 duplicate key error collection: getoutside.users index: basic.email_1 dup key: { : \"dhirendrapathak09@gmail.com\" }","op":{"updatedAt":"2021-09-17T07:56:14.746Z","createdAt":"2021-09-17T07:56:14.746Z","_id":"61444a1e92419226bc4d5b23","programName":"","sessionStatus":"","positionImages":[],"userStatus":"Not Verified","isActive":true,"basic":{"firstName":"dhirendra","lastName":"pathak","email":"dhirendrapathak09@gmail.com","password":"$2a$10$daCQaX/b29AGioNUWu5esOzSzXfeP6Y3WNtJTNGAAjmo7WUxsb1Bu","mobileNumber":"","roles":[{"role":"61432dc627545331eef2d7b6","name":"superAdmin","_id":"61444a1e92419226bc4d5b24"}],"profileImageURL":"/public/images/profiles/default.png","isActive":false},"__v":0}}
error: The 'cursor' option is required, except for aggregate with the explain argument {"name":"MongoError","ok":0,"errmsg":"The 'cursor' option is required, except for aggregate with the explain argument","code":9,"codeName":"FailedToParse","timestamp":"2021-09-17T09:08:26.219Z"}
error: The 'cursor' option is required, except for aggregate with the explain argument {"name":"MongoError","ok":0,"errmsg":"The 'cursor' option is required, except for aggregate with the explain argument","code":9,"codeName":"FailedToParse","timestamp":"2021-09-17T09:12:25.570Z"}
error: The 'cursor' option is required, except for aggregate with the explain argument {"name":"MongoError","ok":0,"errmsg":"The 'cursor' option is required, except for aggregate with the explain argument","code":9,"codeName":"FailedToParse","timestamp":"2021-09-17T09:18:34.298Z"}
error: Email or Password is not correct {"timestamp":"2021-09-17T09:22:46.529Z"}
error: Email or Password is not correct {"timestamp":"2021-09-17T09:23:14.167Z"}
error: Email or Password is not correct {"timestamp":"2021-09-17T09:26:07.708Z"}
error: The 'cursor' option is required, except for aggregate with the explain argument {"name":"MongoError","ok":0,"errmsg":"The 'cursor' option is required, except for aggregate with the explain argument","code":9,"codeName":"FailedToParse","timestamp":"2021-09-17T09:34:55.120Z"}
error: The 'cursor' option is required, except for aggregate with the explain argument {"name":"MongoError","ok":0,"errmsg":"The 'cursor' option is required, except for aggregate with the explain argument","code":9,"codeName":"FailedToParse","timestamp":"2021-09-17T11:20:53.765Z"}
error: The 'cursor' option is required, except for aggregate with the explain argument {"name":"MongoError","ok":0,"errmsg":"The 'cursor' option is required, except for aggregate with the explain argument","code":9,"codeName":"FailedToParse","timestamp":"2021-09-17T12:11:07.618Z"}
error: The 'cursor' option is required, except for aggregate with the explain argument {"name":"MongoError","ok":0,"errmsg":"The 'cursor' option is required, except for aggregate with the explain argument","code":9,"codeName":"FailedToParse","timestamp":"2021-09-17T12:13:42.867Z"}
error: The 'cursor' option is required, except for aggregate with the explain argument {"name":"MongoError","ok":0,"errmsg":"The 'cursor' option is required, except for aggregate with the explain argument","code":9,"codeName":"FailedToParse","timestamp":"2021-09-17T12:26:25.013Z"}
error: The 'cursor' option is required, except for aggregate with the explain argument {"name":"MongoError","ok":0,"errmsg":"The 'cursor' option is required, except for aggregate with the explain argument","code":9,"codeName":"FailedToParse","timestamp":"2021-09-17T12:29:26.834Z"}
error: The 'cursor' option is required, except for aggregate with the explain argument {"name":"MongoError","ok":0,"errmsg":"The 'cursor' option is required, except for aggregate with the explain argument","code":9,"codeName":"FailedToParse","timestamp":"2021-09-17T12:35:45.129Z"}
error: The 'cursor' option is required, except for aggregate with the explain argument {"name":"MongoError","ok":0,"errmsg":"The 'cursor' option is required, except for aggregate with the explain argument","code":9,"codeName":"FailedToParse","timestamp":"2021-09-17T12:38:22.463Z"}
error: The 'cursor' option is required, except for aggregate with the explain argument {"name":"MongoError","ok":0,"errmsg":"The 'cursor' option is required, except for aggregate with the explain argument","code":9,"codeName":"FailedToParse","timestamp":"2021-09-17T12:39:16.041Z"}
error: The 'cursor' option is required, except for aggregate with the explain argument {"name":"MongoError","ok":0,"errmsg":"The 'cursor' option is required, except for aggregate with the explain argument","code":9,"codeName":"FailedToParse","timestamp":"2021-09-17T12:41:17.777Z"}
error: The 'cursor' option is required, except for aggregate with the explain argument {"name":"MongoError","ok":0,"errmsg":"The 'cursor' option is required, except for aggregate with the explain argument","code":9,"codeName":"FailedToParse","timestamp":"2021-09-17T12:57:42.785Z"}
error: The 'cursor' option is required, except for aggregate with the explain argument {"name":"MongoError","ok":0,"errmsg":"The 'cursor' option is required, except for aggregate with the explain argument","code":9,"codeName":"FailedToParse","timestamp":"2021-09-17T12:58:51.170Z"}
error: Invalid or missing API key {"timestamp":"2021-09-20T05:33:35.292Z"}
error: Database error is occur or something went wrong {"timestamp":"2021-09-20T05:55:10.936Z"}
error: Database error is occur or something went wrong {"timestamp":"2021-09-20T05:57:37.434Z"}
error: Invalid or missing API key {"timestamp":"2021-09-20T06:57:18.493Z"}
error: ERROR_WHILE_MAIL_SENDING {"timestamp":"2021-09-22T02:40:39.544Z"}
error: E11000 duplicate key error collection: getoutside.users index: basic.email_1 dup key: { : "dhirendrapathak09+4@gmail.com" } {"code":11000,"index":0,"errmsg":"E11000 duplicate key error collection: getoutside.users index: basic.email_1 dup key: { : \"dhirendrapathak09+4@gmail.com\" }","op":{"basic":{"isActive":false,"profileImageURL":"/public/images/profiles/default.png","roles":[{"_id":"614a98b9ce6e5a1e9c12ab7e","role":"61432e6327545331eef2d7b9","name":"manufacturer"}],"mobileNumber":"","firstName":"manufacturer","lastName":"user","email":"dhirendrapathak09+4@gmail.com","password":"$2a$10$bVgkZhM28Fb2.iYEOzEFyO4nIUktKh7J9cZ02tPIEP2HxlxORhswC"},"isActive":true,"userStatus":"Not Verified","positionImages":[],"sessionStatus":"","programName":"","_id":"614a98b9ce6e5a1e9c12ab7d","createdAt":"2021-09-22T02:45:13.013Z","updatedAt":"2021-09-22T02:45:13.013Z","__v":0}}
error: No user role data found in the database {"timestamp":"2021-09-22T07:14:56.269Z"}
error: ERROR_WHILE_MAIL_SENDING {"timestamp":"2021-09-22T07:24:53.176Z"}
error: E11000 duplicate key error collection: getoutside.users index: basic.email_1 dup key: { : "hospital09@gmail.com" } {"code":11000,"index":0,"errmsg":"E11000 duplicate key error collection: getoutside.users index: basic.email_1 dup key: { : \"hospital09@gmail.com\" }","op":{"basic":{"isActive":false,"profileImageURL":"/public/images/profiles/default.png","roles":[{"_id":"614aef417844f8164cebc696","role":"614ad9179a22e4f4c0836f9b","name":"Dentist"}],"mobileNumber":"","firstName":"hospital","lastName":"indore","email":"hospital09@gmail.com","password":"$2a$10$7oxVpERPZahyr0J0STrG../1BBkqXcCn.nuRNZSN8DYzW7i6yLo5u"},"isActive":true,"userStatus":"Not Verified","positionImages":[],"sessionStatus":"","programName":"","_id":"614aef417844f8164cebc695","createdAt":"2021-09-22T08:54:25.942Z","updatedAt":"2021-09-22T08:54:25.942Z","__v":0}}
error: No token is provided {"timestamp":"2021-09-22T09:01:08.613Z"}
error: E11000 duplicate key error collection: getoutside.users index: basic.email_1 dup key: { : "hospital09+2@gmail.com" } {"code":11000,"index":0,"errmsg":"E11000 duplicate key error collection: getoutside.users index: basic.email_1 dup key: { : \"hospital09+2@gmail.com\" }","op":{"basic":{"isActive":false,"profileImageURL":"/public/images/profiles/default.png","roles":[{"_id":"614af156df968218105bf997","role":"614ad9179a22e4f4c0836f9b","name":"Dentist"}],"mobileNumber":"","firstName":"hospital 2","lastName":"indore","email":"hospital09+2@gmail.com","password":"$2a$10$HyVwEYqiitAN3d9ED0mtqewzq2NVrK3W9ExVXZ2p9B/2lLAmzVlFm"},"isActive":true,"userStatus":"Not Verified","positionImages":[],"sessionStatus":"","programName":"","_id":"614af156df968218105bf996","createdAt":"2021-09-22T09:03:18.144Z","updatedAt":"2021-09-22T09:03:18.144Z","__v":0}}
error: Error while getting data {"timestamp":"2021-09-22T11:54:32.420Z"}
error: Error while getting data {"timestamp":"2021-09-22T11:57:22.618Z"}
error: Error while getting data {"timestamp":"2021-09-22T12:02:26.027Z"}
error: Error while getting data {"timestamp":"2021-09-22T12:10:11.335Z"}
error: E11000 duplicate key error collection: getoutside.hospitals index: Hospitalcode_1 dup key: { : null } {"code":11000,"index":0,"errmsg":"E11000 duplicate key error collection: getoutside.hospitals index: Hospitalcode_1 dup key: { : null }","op":{"basic":{"isActive":false,"profileImageURL":"/public/images/profiles/default.png","roles":[{"_id":"614b1dda07aa2a20b44f9714","role":"614ad9179a22e4f4c0836f9b","name":"Dentist"}],"mobileNumber":"","firstName":"hospital 2","lastName":"bhopal","email":"hospital09+4@gmail.com","password":"$2a$10$1k1N2kr64M6ln.RpfluAeuDpuB07jiSPubQN0DqKJx.puLTGNTx1q"},"isActive":true,"userStatus":"Not Verified","positionImages":[],"sessionStatus":"","programName":"","_id":"614b1dda07aa2a20b44f9713","createdAt":"2021-09-22T12:13:14.252Z","updatedAt":"2021-09-22T12:13:14.252Z","__v":0}}
error: E11000 duplicate key error collection: getoutside.hospitals index: Hospitalcode_1 dup key: { : null } {"code":11000,"index":0,"errmsg":"E11000 duplicate key error collection: getoutside.hospitals index: Hospitalcode_1 dup key: { : null }","op":{"basic":{"isActive":false,"profileImageURL":"/public/images/profiles/default.png","roles":[{"_id":"614b1de207aa2a20b44f9716","role":"614ad9179a22e4f4c0836f9b","name":"Dentist"}],"mobileNumber":"","firstName":"hospital 2","lastName":"bhopal","email":"hospital09+5@gmail.com","password":"$2a$10$DWywVtKB9vcarsrfxlequ.cZNIvrkoLl0/3dXrph0UcNyH46byWue"},"isActive":true,"userStatus":"Not Verified","positionImages":[],"sessionStatus":"","programName":"","_id":"614b1de207aa2a20b44f9715","createdAt":"2021-09-22T12:13:22.973Z","updatedAt":"2021-09-22T12:13:22.973Z","__v":0}}
error: User not found {"timestamp":"2021-09-22T12:17:23.546Z"}
